20-09-23 04:14:33 INFO [Marry.py:28]: Настройки загружены.
20-09-23 04:14:33 INFO [Profile.py:40]: Настройки загружены.
20-09-23 04:14:33 INFO [LoveRooms.py:26]: Настройки загружены.
20-09-23 04:14:33 INFO [LoveProfile.py:46]: Настройки загружены.
20-09-23 04:14:33 INFO [PersonalRoles.py:35]: Настройки загружены.
20-09-23 04:14:33 INFO [Inventory.py:32]: Настройки загружены.
20-09-23 04:14:33 INFO [AdminPanel.py:29]: Настройки загружены.
20-09-23 04:27:35 INFO [Marry.py:42]: /marry - start
20-09-23 04:27:35 INFO [Profile.py:57]: /profile - start
20-09-23 04:27:35 INFO [Give.py:22]: /give - start
20-09-23 04:27:35 INFO [LoveRooms.py:39]: LoveRooms - start
20-09-23 04:27:35 INFO [LoveProfile.py:58]: /lprofile - start
20-09-23 04:27:35 INFO [Timely.py:24]: /timely - start
20-09-23 04:27:35 INFO [Balance.py:25]: /balance - start
20-09-23 04:27:35 INFO [Top.py:24]: /top - start
20-09-23 04:27:35 INFO [Games.py:27]: /games - start
20-09-23 04:27:35 INFO [MarriesHistory.py:27]: /marries history - start
20-09-23 04:27:35 INFO [PersonalRoles.py:47]: /role create - start
20-09-23 04:27:35 INFO [PersonalRoles.py:48]: /role manage - start
20-09-23 04:27:35 INFO [Inventory.py:42]: /inventory - start
20-09-23 04:27:35 INFO [Shop.py:26]: /shop - start
20-09-23 04:27:35 INFO [AdminPanel.py:37]: /apanel - start
20-09-23 04:27:35 INFO [Tracker.py:29]: Tracker - start
